<?xml version="1.0" encoding="UTF-8"?>
<testng-results ignored="0" total="1" passed="1" failed="0" skipped="0">
  <reporter-output>
  </reporter-output>
  <suite started-at="2025-02-19T00:07:09 IST" name="Regression" finished-at="2025-02-19T00:07:15 IST" duration-ms="6184">
    <groups>
    </groups>
    <test started-at="2025-02-19T00:07:09 IST" name="Test" finished-at="2025-02-19T00:07:15 IST" duration-ms="6184">
      <class name="haatbhaar.ui_simple.Welcome">
        <test-method signature="StartTest()[pri:0, instance:haatbhaar.ui_simple.Welcome@3daa422a]" started-at="2025-02-19T00:07:09 IST" name="StartTest" finished-at="2025-02-19T00:07:15 IST" duration-ms="6094" status="PASS">
          <reporter-output>
          </reporter-output>
        </test-method> <!-- StartTest -->
      </class> <!-- haatbhaar.ui_simple.Welcome -->
    </test> <!-- Test -->
  </suite> <!-- Regression -->
</testng-results>
